<?xml version="1.0" encoding="UTF-8"?>
<testng-results skipped="0" failed="1" ignored="0" total="6" passed="5">
  <reporter-output>
  </reporter-output>
  <suite name="Default suite" duration-ms="26549" started-at="2019-12-17T06:32:19Z" finished-at="2019-12-17T06:32:46Z">
    <groups>
    </groups>
    <test name="Default test" duration-ms="26549" started-at="2019-12-17T06:32:19Z" finished-at="2019-12-17T06:32:46Z">
      <class name="com.clubkitchen.qa.testcases.MamacitaMenuPageTest">
        <test-method status="PASS" signature="setUp()[pri:0, instance:com.clubkitchen.qa.testcases.MamacitaMenuPageTest@59f99ea]" name="setUp" is-config="true" duration-ms="12753" started-at="2019-12-17T06:32:19Z" finished-at="2019-12-17T06:32:32Z">
          <reporter-output>
          </reporter-output>
        </test-method> <!-- setUp -->
        <test-method status="PASS" signature="NavigateHomePageTest()[pri:1, instance:com.clubkitchen.qa.testcases.MamacitaMenuPageTest@59f99ea]" name="NavigateHomePageTest" duration-ms="17" started-at="2019-12-17T06:32:32Z" finished-at="2019-12-17T06:32:32Z">
          <reporter-output>
          </reporter-output>
        </test-method> <!-- NavigateHomePageTest -->
        <test-method status="PASS" signature="HomePageTitleTest()[pri:2, instance:com.clubkitchen.qa.testcases.MamacitaMenuPageTest@59f99ea]" name="HomePageTitleTest" duration-ms="14" started-at="2019-12-17T06:32:32Z" finished-at="2019-12-17T06:32:32Z">
          <reporter-output>
          </reporter-output>
        </test-method> <!-- HomePageTitleTest -->
        <test-method status="PASS" signature="GoToHomePage()[pri:3, instance:com.clubkitchen.qa.testcases.MamacitaMenuPageTest@59f99ea]" name="GoToHomePage" duration-ms="3529" started-at="2019-12-17T06:32:32Z" finished-at="2019-12-17T06:32:36Z">
          <reporter-output>
          </reporter-output>
        </test-method> <!-- GoToHomePage -->
        <test-method status="PASS" signature="QuesadillasMenu()[pri:4, instance:com.clubkitchen.qa.testcases.MamacitaMenuPageTest@59f99ea]" name="QuesadillasMenu" duration-ms="703" started-at="2019-12-17T06:32:36Z" finished-at="2019-12-17T06:32:36Z">
          <reporter-output>
          </reporter-output>
        </test-method> <!-- QuesadillasMenu -->
        <test-method status="PASS" signature="SelectOneItemQuesadillasMenu()[pri:5, instance:com.clubkitchen.qa.testcases.MamacitaMenuPageTest@59f99ea]" name="SelectOneItemQuesadillasMenu" duration-ms="3623" started-at="2019-12-17T06:32:36Z" finished-at="2019-12-17T06:32:40Z">
          <reporter-output>
          </reporter-output>
        </test-method> <!-- SelectOneItemQuesadillasMenu -->
        <test-method status="FAIL" signature="GetAllExtras()[pri:6, instance:com.clubkitchen.qa.testcases.MamacitaMenuPageTest@59f99ea]" name="GetAllExtras" duration-ms="4950" started-at="2019-12-17T06:32:40Z" finished-at="2019-12-17T06:32:45Z">
          <exception class="java.lang.IndexOutOfBoundsException">
            <message>
              <![CDATA[Index: 11, Size: 11]]>
            </message>
            <full-stacktrace>
              <![CDATA[java.lang.IndexOutOfBoundsException: Index: 11, Size: 11
at java.util.ArrayList.rangeCheck(Unknown Source)
at java.util.ArrayList.get(Unknown Source)
at com.clubkitchen.qa.testcases.MamacitaMenuPageTest.GetAllExtras(MamacitaMenuPageTest.java:84)
at sun.reflect.NativeMethodAccessorImpl.invoke0(Native Method)
at sun.reflect.NativeMethodAccessorImpl.invoke(Unknown Source)
at sun.reflect.DelegatingMethodAccessorImpl.invoke(Unknown Source)
at java.lang.reflect.Method.invoke(Unknown Source)
at org.testng.internal.MethodInvocationHelper.invokeMethod(MethodInvocationHelper.java:124)
at org.testng.internal.Invoker.invokeMethod(Invoker.java:583)
at org.testng.internal.Invoker.invokeTestMethod(Invoker.java:719)
at org.testng.internal.Invoker.invokeTestMethods(Invoker.java:989)
at org.testng.internal.TestMethodWorker.invokeTestMethods(TestMethodWorker.java:125)
at org.testng.internal.TestMethodWorker.run(TestMethodWorker.java:109)
at org.testng.TestRunner.privateRun(TestRunner.java:648)
at org.testng.TestRunner.run(TestRunner.java:505)
at org.testng.SuiteRunner.runTest(SuiteRunner.java:455)
at org.testng.SuiteRunner.runSequentially(SuiteRunner.java:450)
at org.testng.SuiteRunner.privateRun(SuiteRunner.java:415)
at org.testng.SuiteRunner.run(SuiteRunner.java:364)
at org.testng.SuiteRunnerWorker.runSuite(SuiteRunnerWorker.java:52)
at org.testng.SuiteRunnerWorker.run(SuiteRunnerWorker.java:84)
at org.testng.TestNG.runSuitesSequentially(TestNG.java:1208)
at org.testng.TestNG.runSuitesLocally(TestNG.java:1137)
at org.testng.TestNG.runSuites(TestNG.java:1049)
at org.testng.TestNG.run(TestNG.java:1017)
at org.testng.remote.AbstractRemoteTestNG.run(AbstractRemoteTestNG.java:115)
at org.testng.remote.RemoteTestNG.initAndRun(RemoteTestNG.java:251)
at org.testng.remote.RemoteTestNG.main(RemoteTestNG.java:77)
]]>
            </full-stacktrace>
          </exception> <!-- java.lang.IndexOutOfBoundsException -->
          <reporter-output>
          </reporter-output>
        </test-method> <!-- GetAllExtras -->
        <test-method status="PASS" signature="tearDown()[pri:0, instance:com.clubkitchen.qa.testcases.MamacitaMenuPageTest@59f99ea]" name="tearDown" is-config="true" duration-ms="919" started-at="2019-12-17T06:32:45Z" finished-at="2019-12-17T06:32:46Z">
          <reporter-output>
          </reporter-output>
        </test-method> <!-- tearDown -->
      </class> <!-- com.clubkitchen.qa.testcases.MamacitaMenuPageTest -->
    </test> <!-- Default test -->
  </suite> <!-- Default suite -->
</testng-results>
